2014-03-16 20:04:24,240 [DEBUG] django.db.backends: (0.255) SELECT `auth_user`.`id`, `auth_user`.`password`, `auth_user`.`last_login`, `auth_user`.`is_superuser`, `auth_user`.`username`, `auth_user`.`first_name`, `auth_user`.`last_name`, `auth_user`.`email`, `auth_user`.`is_staff`, `auth_user`.`is_active`, `auth_user`.`date_joined` FROM `auth_user` WHERE `auth_user`.`username` = 'user1' ; args=(u'user1',)
2014-03-16 20:04:24,359 [DEBUG] django.db.backends: (0.043) SELECT (1) AS `a` FROM `django_session` WHERE `django_session`.`session_key` = 'tqpwxxb4afeo4t9butx9vkfpdpiqu3hf'  LIMIT 1; args=(u'tqpwxxb4afeo4t9butx9vkfpdpiqu3hf',)
2014-03-16 20:04:24,392 [DEBUG] django.db.backends: (0.032) INSERT INTO `django_session` (`session_key`, `session_data`, `expire_date`) VALUES ('tqpwxxb4afeo4t9butx9vkfpdpiqu3hf', 'NjhiOGUyZGE2YzAxODg4NWRjMDQ3OGJkZjJiMDQ5MjlmZjk2MTRhZjp7fQ==', '2014-03-30 20:04:24'); args=(u'tqpwxxb4afeo4t9butx9vkfpdpiqu3hf', u'NjhiOGUyZGE2YzAxODg4NWRjMDQ3OGJkZjJiMDQ5MjlmZjk2MTRhZjp7fQ==', u'2014-03-30 20:04:24')
2014-03-16 20:04:24,461 [DEBUG] django.db.backends: (0.000) SELECT `django_session`.`session_key`, `django_session`.`session_data`, `django_session`.`expire_date` FROM `django_session` WHERE `django_session`.`session_key` = 'tqpwxxb4afeo4t9butx9vkfpdpiqu3hf' ; args=(u'tqpwxxb4afeo4t9butx9vkfpdpiqu3hf',)
2014-03-16 20:04:24,498 [DEBUG] django.db.backends: (0.037) DELETE FROM `django_session` WHERE `session_key` IN ('tqpwxxb4afeo4t9butx9vkfpdpiqu3hf'); args=(u'tqpwxxb4afeo4t9butx9vkfpdpiqu3hf',)
2014-03-16 20:04:24,561 [DEBUG] django.db.backends: (0.021) UPDATE `auth_user` SET `last_login` = '2014-03-16 20:04:24' WHERE `auth_user`.`id` = 2 ; args=(u'2014-03-16 20:04:24', 2)
2014-03-16 20:04:24,608 [DEBUG] django.db.backends: (0.000) UPDATE `django_session` SET `session_data` = 'OTNkNTQxODFmZWFmMGExOGE4NmM4YzUxNjYyMzIzY2JmMTY1YTJiODp7Il9hdXRoX3VzZXJfYmFja2VuZCI6ImRqYW5nby5jb250cmliLmF1dGguYmFja2VuZHMuTW9kZWxCYWNrZW5kIiwiX2F1dGhfdXNlcl9pZCI6Mn0=', `expire_date` = '2014-03-30 20:04:24' WHERE `django_session`.`session_key` = 'tqpwxxb4afeo4t9butx9vkfpdpiqu3hf' ; args=(u'OTNkNTQxODFmZWFmMGExOGE4NmM4YzUxNjYyMzIzY2JmMTY1YTJiODp7Il9hdXRoX3VzZXJfYmFja2VuZCI6ImRqYW5nby5jb250cmliLmF1dGguYmFja2VuZHMuTW9kZWxCYWNrZW5kIiwiX2F1dGhfdXNlcl9pZCI6Mn0=', u'2014-03-30 20:04:24', u'tqpwxxb4afeo4t9butx9vkfpdpiqu3hf')
2014-03-16 20:04:24,609 [DEBUG] django.db.backends: (0.001) INSERT INTO `django_session` (`session_key`, `session_data`, `expire_date`) VALUES ('tqpwxxb4afeo4t9butx9vkfpdpiqu3hf', 'OTNkNTQxODFmZWFmMGExOGE4NmM4YzUxNjYyMzIzY2JmMTY1YTJiODp7Il9hdXRoX3VzZXJfYmFja2VuZCI6ImRqYW5nby5jb250cmliLmF1dGguYmFja2VuZHMuTW9kZWxCYWNrZW5kIiwiX2F1dGhfdXNlcl9pZCI6Mn0=', '2014-03-30 20:04:24'); args=(u'tqpwxxb4afeo4t9butx9vkfpdpiqu3hf', u'OTNkNTQxODFmZWFmMGExOGE4NmM4YzUxNjYyMzIzY2JmMTY1YTJiODp7Il9hdXRoX3VzZXJfYmFja2VuZCI6ImRqYW5nby5jb250cmliLmF1dGguYmFja2VuZHMuTW9kZWxCYWNrZW5kIiwiX2F1dGhfdXNlcl9pZCI6Mn0=', u'2014-03-30 20:04:24')
2014-03-16 20:04:24,705 [DEBUG] django.db.backends: (0.001) SELECT `django_session`.`session_key`, `django_session`.`session_data`, `django_session`.`expire_date` FROM `django_session` WHERE (`django_session`.`session_key` = 'tqpwxxb4afeo4t9butx9vkfpdpiqu3hf'  AND `django_session`.`expire_date` > '2014-03-16 20:04:24' ); args=('tqpwxxb4afeo4t9butx9vkfpdpiqu3hf', u'2014-03-16 20:04:24')
2014-03-16 20:04:24,708 [DEBUG] django.db.backends: (0.001) SELECT `auth_user`.`id`, `auth_user`.`password`, `auth_user`.`last_login`, `auth_user`.`is_superuser`, `auth_user`.`username`, `auth_user`.`first_name`, `auth_user`.`last_name`, `auth_user`.`email`, `auth_user`.`is_staff`, `auth_user`.`is_active`, `auth_user`.`date_joined` FROM `auth_user` WHERE `auth_user`.`id` = 2 ; args=(2,)
2014-03-16 20:04:26,694 [DEBUG] django.db.backends: (0.001) SELECT `django_session`.`session_key`, `django_session`.`session_data`, `django_session`.`expire_date` FROM `django_session` WHERE (`django_session`.`session_key` = 'tqpwxxb4afeo4t9butx9vkfpdpiqu3hf'  AND `django_session`.`expire_date` > '2014-03-16 20:04:26' ); args=('tqpwxxb4afeo4t9butx9vkfpdpiqu3hf', u'2014-03-16 20:04:26')
2014-03-16 20:04:26,695 [DEBUG] django.db.backends: (0.000) SELECT `auth_user`.`id`, `auth_user`.`password`, `auth_user`.`last_login`, `auth_user`.`is_superuser`, `auth_user`.`username`, `auth_user`.`first_name`, `auth_user`.`last_name`, `auth_user`.`email`, `auth_user`.`is_staff`, `auth_user`.`is_active`, `auth_user`.`date_joined` FROM `auth_user` WHERE `auth_user`.`id` = 2 ; args=(2,)
2014-03-16 20:04:26,765 [DEBUG] django.db.backends: (0.019) SELECT COUNT(*) FROM `article_article`; args=()
2014-03-16 20:04:26,784 [DEBUG] django.db.backends: (0.018) SELECT `article_article`.`id`, `article_article`.`title`, `article_article`.`body`, `article_article`.`pub_date`, `article_article`.`likes`, `article_article`.`thumbnail` FROM `article_article`; args=()
2014-03-16 20:04:29,457 [DEBUG] django.db.backends: (0.030) SELECT COUNT(*) FROM `article_article` WHERE `article_article`.`title` LIKE BINARY '%t%' ; args=(u'%t%',)
2014-03-16 20:04:29,459 [DEBUG] django.db.backends: (0.000) SELECT `article_article`.`id`, `article_article`.`title`, `article_article`.`body`, `article_article`.`pub_date`, `article_article`.`likes`, `article_article`.`thumbnail` FROM `article_article` WHERE `article_article`.`title` LIKE BINARY '%t%' ; args=(u'%t%',)
2014-03-16 20:04:30,188 [DEBUG] django.db.backends: (0.001) SELECT COUNT(*) FROM `article_article` WHERE `article_article`.`title` LIKE BINARY '%te%' ; args=(u'%te%',)
2014-03-16 20:04:30,399 [DEBUG] django.db.backends: (0.001) SELECT COUNT(*) FROM `article_article` WHERE `article_article`.`title` LIKE BINARY '%tes%' ; args=(u'%tes%',)
2014-03-16 20:04:30,687 [DEBUG] django.db.backends: (0.000) SELECT COUNT(*) FROM `article_article` WHERE `article_article`.`title` LIKE BINARY '%te%' ; args=(u'%te%',)
2014-03-16 20:04:30,847 [DEBUG] django.db.backends: (0.000) SELECT COUNT(*) FROM `article_article` WHERE `article_article`.`title` LIKE BINARY '%t%' ; args=(u'%t%',)
2014-03-16 20:04:30,850 [DEBUG] django.db.backends: (0.001) SELECT `article_article`.`id`, `article_article`.`title`, `article_article`.`body`, `article_article`.`pub_date`, `article_article`.`likes`, `article_article`.`thumbnail` FROM `article_article` WHERE `article_article`.`title` LIKE BINARY '%t%' ; args=(u'%t%',)
2014-03-16 20:04:31,001 [DEBUG] django.db.backends: (0.001) SELECT COUNT(*) FROM `article_article` WHERE `article_article`.`title` LIKE BINARY '%%' ; args=(u'%%',)
2014-03-16 20:04:31,004 [DEBUG] django.db.backends: (0.002) SELECT `article_article`.`id`, `article_article`.`title`, `article_article`.`body`, `article_article`.`pub_date`, `article_article`.`likes`, `article_article`.`thumbnail` FROM `article_article` WHERE `article_article`.`title` LIKE BINARY '%%' ; args=(u'%%',)
2014-03-16 20:05:25,143 [DEBUG] django.db.backends: (0.000) SELECT COUNT(*) FROM `article_article` WHERE `article_article`.`title` LIKE BINARY '%T%' ; args=(u'%T%',)
2014-03-16 20:05:25,145 [DEBUG] django.db.backends: (0.000) SELECT `article_article`.`id`, `article_article`.`title`, `article_article`.`body`, `article_article`.`pub_date`, `article_article`.`likes`, `article_article`.`thumbnail` FROM `article_article` WHERE `article_article`.`title` LIKE BINARY '%T%' ; args=(u'%T%',)
2014-03-16 20:05:25,162 [DEBUG] django.db.backends: (0.000) SELECT COUNT(*) FROM `article_article` WHERE `article_article`.`title` LIKE BINARY '%T%' ; args=(u'%T%',)
2014-03-16 20:05:25,163 [DEBUG] django.db.backends: (0.000) SELECT `article_article`.`id`, `article_article`.`title`, `article_article`.`body`, `article_article`.`pub_date`, `article_article`.`likes`, `article_article`.`thumbnail` FROM `article_article` WHERE `article_article`.`title` LIKE BINARY '%T%' ; args=(u'%T%',)
2014-03-16 20:05:25,406 [DEBUG] django.db.backends: (0.031) SELECT COUNT(*) FROM `article_article` WHERE `article_article`.`title` LIKE BINARY '%Te%' ; args=(u'%Te%',)
2014-03-16 20:05:25,407 [DEBUG] django.db.backends: (0.000) SELECT `article_article`.`id`, `article_article`.`title`, `article_article`.`body`, `article_article`.`pub_date`, `article_article`.`likes`, `article_article`.`thumbnail` FROM `article_article` WHERE `article_article`.`title` LIKE BINARY '%Te%' ; args=(u'%Te%',)
2014-03-16 20:05:25,628 [DEBUG] django.db.backends: (0.001) SELECT COUNT(*) FROM `article_article` WHERE `article_article`.`title` LIKE BINARY '%Test%' ; args=(u'%Test%',)
2014-03-16 20:05:25,631 [DEBUG] django.db.backends: (0.002) SELECT `article_article`.`id`, `article_article`.`title`, `article_article`.`body`, `article_article`.`pub_date`, `article_article`.`likes`, `article_article`.`thumbnail` FROM `article_article` WHERE `article_article`.`title` LIKE BINARY '%Test%' ; args=(u'%Test%',)
2014-03-16 20:05:25,667 [DEBUG] django.db.backends: (0.000) SELECT COUNT(*) FROM `article_article` WHERE `article_article`.`title` LIKE BINARY '%Test%' ; args=(u'%Test%',)
2014-03-16 20:05:25,670 [DEBUG] django.db.backends: (0.000) SELECT `article_article`.`id`, `article_article`.`title`, `article_article`.`body`, `article_article`.`pub_date`, `article_article`.`likes`, `article_article`.`thumbnail` FROM `article_article` WHERE `article_article`.`title` LIKE BINARY '%Test%' ; args=(u'%Test%',)
2014-03-16 20:05:25,975 [DEBUG] django.db.backends: (0.000) SELECT COUNT(*) FROM `article_article` WHERE `article_article`.`title` LIKE BINARY '%Test%' ; args=(u'%Test%',)
2014-03-16 20:05:25,977 [DEBUG] django.db.backends: (0.001) SELECT `article_article`.`id`, `article_article`.`title`, `article_article`.`body`, `article_article`.`pub_date`, `article_article`.`likes`, `article_article`.`thumbnail` FROM `article_article` WHERE `article_article`.`title` LIKE BINARY '%Test%' ; args=(u'%Test%',)
2014-03-16 20:05:40,453 [DEBUG] django.db.backends: (0.000) SELECT COUNT(*) FROM `article_article` WHERE `article_article`.`title` LIKE BINARY '%Tes%' ; args=(u'%Tes%',)
2014-03-16 20:05:40,455 [DEBUG] django.db.backends: (0.000) SELECT `article_article`.`id`, `article_article`.`title`, `article_article`.`body`, `article_article`.`pub_date`, `article_article`.`likes`, `article_article`.`thumbnail` FROM `article_article` WHERE `article_article`.`title` LIKE BINARY '%Tes%' ; args=(u'%Tes%',)
2014-03-16 20:05:40,613 [DEBUG] django.db.backends: (0.000) SELECT COUNT(*) FROM `article_article` WHERE `article_article`.`title` LIKE BINARY '%Te%' ; args=(u'%Te%',)
2014-03-16 20:05:40,614 [DEBUG] django.db.backends: (0.000) SELECT `article_article`.`id`, `article_article`.`title`, `article_article`.`body`, `article_article`.`pub_date`, `article_article`.`likes`, `article_article`.`thumbnail` FROM `article_article` WHERE `article_article`.`title` LIKE BINARY '%Te%' ; args=(u'%Te%',)
2014-03-16 20:05:40,785 [DEBUG] django.db.backends: (0.000) SELECT COUNT(*) FROM `article_article` WHERE `article_article`.`title` LIKE BINARY '%T%' ; args=(u'%T%',)
2014-03-16 20:05:40,787 [DEBUG] django.db.backends: (0.001) SELECT `article_article`.`id`, `article_article`.`title`, `article_article`.`body`, `article_article`.`pub_date`, `article_article`.`likes`, `article_article`.`thumbnail` FROM `article_article` WHERE `article_article`.`title` LIKE BINARY '%T%' ; args=(u'%T%',)
2014-03-16 20:05:40,951 [DEBUG] django.db.backends: (0.000) SELECT COUNT(*) FROM `article_article` WHERE `article_article`.`title` LIKE BINARY '%%' ; args=(u'%%',)
2014-03-16 20:05:40,953 [DEBUG] django.db.backends: (0.001) SELECT `article_article`.`id`, `article_article`.`title`, `article_article`.`body`, `article_article`.`pub_date`, `article_article`.`likes`, `article_article`.`thumbnail` FROM `article_article` WHERE `article_article`.`title` LIKE BINARY '%%' ; args=(u'%%',)
2014-03-16 20:05:41,298 [DEBUG] django.db.backends: (0.000) SELECT COUNT(*) FROM `article_article` WHERE `article_article`.`title` LIKE BINARY '%F%' ; args=(u'%F%',)
2014-03-16 20:05:41,312 [DEBUG] django.db.backends: (0.000) SELECT COUNT(*) FROM `article_article` WHERE `article_article`.`title` LIKE BINARY '%F%' ; args=(u'%F%',)
2014-03-16 20:05:41,458 [DEBUG] django.db.backends: (0.001) SELECT COUNT(*) FROM `article_article` WHERE `article_article`.`title` LIKE BINARY '%Fo%' ; args=(u'%Fo%',)
2014-03-16 20:05:41,605 [DEBUG] django.db.backends: (0.001) SELECT COUNT(*) FROM `article_article` WHERE `article_article`.`title` LIKE BINARY '%Foo%' ; args=(u'%Foo%',)
2014-03-16 20:05:41,868 [DEBUG] django.db.backends: (0.000) SELECT COUNT(*) FROM `article_article` WHERE `article_article`.`title` LIKE BINARY '%Foo%' ; args=(u'%Foo%',)
2014-03-16 20:14:15,079 [DEBUG] django.db.backends: (0.000) SELECT COUNT(*) FROM `article_article` WHERE `article_article`.`title` LIKE BINARY '%Fo%' ; args=(u'%Fo%',)
2014-03-16 20:14:15,252 [DEBUG] django.db.backends: (0.000) SELECT COUNT(*) FROM `article_article` WHERE `article_article`.`title` LIKE BINARY '%F%' ; args=(u'%F%',)
2014-03-16 20:14:15,417 [DEBUG] django.db.backends: (0.000) SELECT COUNT(*) FROM `article_article` WHERE `article_article`.`title` LIKE BINARY '%%' ; args=(u'%%',)
2014-03-16 20:14:15,420 [DEBUG] django.db.backends: (0.001) SELECT `article_article`.`id`, `article_article`.`title`, `article_article`.`body`, `article_article`.`pub_date`, `article_article`.`likes`, `article_article`.`thumbnail` FROM `article_article` WHERE `article_article`.`title` LIKE BINARY '%%' ; args=(u'%%',)
2014-03-16 20:14:16,040 [DEBUG] django.db.backends: (0.003) SELECT COUNT(*) FROM `article_article` WHERE `article_article`.`title` LIKE BINARY '%f%' ; args=(u'%f%',)
2014-03-16 20:14:16,103 [DEBUG] django.db.backends: (0.062) SELECT COUNT(*) FROM `article_article` WHERE `article_article`.`title` LIKE BINARY '%fo%' ; args=(u'%fo%',)
2014-03-16 20:14:16,104 [DEBUG] django.db.backends: (0.000) SELECT COUNT(*) FROM `article_article` WHERE `article_article`.`title` LIKE BINARY '%fo%' ; args=(u'%fo%',)
2014-03-16 20:14:16,221 [DEBUG] django.db.backends: (0.001) SELECT COUNT(*) FROM `article_article` WHERE `article_article`.`title` LIKE BINARY '%foo%' ; args=(u'%foo%',)
2014-03-16 20:14:16,553 [DEBUG] django.db.backends: (0.000) SELECT COUNT(*) FROM `article_article` WHERE `article_article`.`title` LIKE BINARY '%foo%' ; args=(u'%foo%',)
2014-03-16 20:17:36,483 [DEBUG] django.db.backends: (0.000) SELECT COUNT(*) FROM `article_article` WHERE `article_article`.`title` LIKE BINARY '%fo%' ; args=(u'%fo%',)
2014-03-16 20:17:36,649 [DEBUG] django.db.backends: (0.000) SELECT COUNT(*) FROM `article_article` WHERE `article_article`.`title` LIKE BINARY '%f%' ; args=(u'%f%',)
2014-03-16 20:17:36,822 [DEBUG] django.db.backends: (0.000) SELECT COUNT(*) FROM `article_article` WHERE `article_article`.`title` LIKE BINARY '%%' ; args=(u'%%',)
2014-03-16 20:17:36,825 [DEBUG] django.db.backends: (0.001) SELECT `article_article`.`id`, `article_article`.`title`, `article_article`.`body`, `article_article`.`pub_date`, `article_article`.`likes`, `article_article`.`thumbnail` FROM `article_article` WHERE `article_article`.`title` LIKE BINARY '%%' ; args=(u'%%',)
2014-03-16 20:17:38,432 [DEBUG] django.db.backends: (0.000) SELECT COUNT(*) FROM `article_article` WHERE `article_article`.`title` LIKE BINARY '%T%' ; args=(u'%T%',)
2014-03-16 20:17:38,434 [DEBUG] django.db.backends: (0.001) SELECT `article_article`.`id`, `article_article`.`title`, `article_article`.`body`, `article_article`.`pub_date`, `article_article`.`likes`, `article_article`.`thumbnail` FROM `article_article` WHERE `article_article`.`title` LIKE BINARY '%T%' ; args=(u'%T%',)
2014-03-16 20:17:38,480 [DEBUG] django.db.backends: (0.000) SELECT COUNT(*) FROM `article_article` WHERE `article_article`.`title` LIKE BINARY '%T%' ; args=(u'%T%',)
2014-03-16 20:17:38,483 [DEBUG] django.db.backends: (0.001) SELECT `article_article`.`id`, `article_article`.`title`, `article_article`.`body`, `article_article`.`pub_date`, `article_article`.`likes`, `article_article`.`thumbnail` FROM `article_article` WHERE `article_article`.`title` LIKE BINARY '%T%' ; args=(u'%T%',)
2014-03-16 20:17:38,589 [DEBUG] django.db.backends: (0.000) SELECT COUNT(*) FROM `article_article` WHERE `article_article`.`title` LIKE BINARY '%Te%' ; args=(u'%Te%',)
2014-03-16 20:17:38,591 [DEBUG] django.db.backends: (0.001) SELECT `article_article`.`id`, `article_article`.`title`, `article_article`.`body`, `article_article`.`pub_date`, `article_article`.`likes`, `article_article`.`thumbnail` FROM `article_article` WHERE `article_article`.`title` LIKE BINARY '%Te%' ; args=(u'%Te%',)
2014-03-16 20:17:38,826 [DEBUG] django.db.backends: (0.000) SELECT COUNT(*) FROM `article_article` WHERE `article_article`.`title` LIKE BINARY '%Test%' ; args=(u'%Test%',)
2014-03-16 20:17:38,828 [DEBUG] django.db.backends: (0.001) SELECT `article_article`.`id`, `article_article`.`title`, `article_article`.`body`, `article_article`.`pub_date`, `article_article`.`likes`, `article_article`.`thumbnail` FROM `article_article` WHERE `article_article`.`title` LIKE BINARY '%Test%' ; args=(u'%Test%',)
2014-03-16 20:17:38,882 [DEBUG] django.db.backends: (0.000) SELECT COUNT(*) FROM `article_article` WHERE `article_article`.`title` LIKE BINARY '%Test%' ; args=(u'%Test%',)
2014-03-16 20:17:38,884 [DEBUG] django.db.backends: (0.001) SELECT `article_article`.`id`, `article_article`.`title`, `article_article`.`body`, `article_article`.`pub_date`, `article_article`.`likes`, `article_article`.`thumbnail` FROM `article_article` WHERE `article_article`.`title` LIKE BINARY '%Test%' ; args=(u'%Test%',)
2014-03-16 20:18:21,615 [DEBUG] django.db.backends: (0.000) SELECT COUNT(*) FROM `article_article` WHERE `article_article`.`title` LIKE BINARY '%Tes%' ; args=(u'%Tes%',)
2014-03-16 20:18:21,618 [DEBUG] django.db.backends: (0.001) SELECT `article_article`.`id`, `article_article`.`title`, `article_article`.`body`, `article_article`.`pub_date`, `article_article`.`likes`, `article_article`.`thumbnail` FROM `article_article` WHERE `article_article`.`title` LIKE BINARY '%Tes%' ; args=(u'%Tes%',)
2014-03-16 20:18:21,774 [DEBUG] django.db.backends: (0.000) SELECT COUNT(*) FROM `article_article` WHERE `article_article`.`title` LIKE BINARY '%Te%' ; args=(u'%Te%',)
2014-03-16 20:18:21,775 [DEBUG] django.db.backends: (0.000) SELECT `article_article`.`id`, `article_article`.`title`, `article_article`.`body`, `article_article`.`pub_date`, `article_article`.`likes`, `article_article`.`thumbnail` FROM `article_article` WHERE `article_article`.`title` LIKE BINARY '%Te%' ; args=(u'%Te%',)
2014-03-16 20:18:21,955 [DEBUG] django.db.backends: (0.000) SELECT COUNT(*) FROM `article_article` WHERE `article_article`.`title` LIKE BINARY '%T%' ; args=(u'%T%',)
2014-03-16 20:18:21,957 [DEBUG] django.db.backends: (0.001) SELECT `article_article`.`id`, `article_article`.`title`, `article_article`.`body`, `article_article`.`pub_date`, `article_article`.`likes`, `article_article`.`thumbnail` FROM `article_article` WHERE `article_article`.`title` LIKE BINARY '%T%' ; args=(u'%T%',)
2014-03-16 20:18:22,278 [DEBUG] django.db.backends: (0.000) SELECT COUNT(*) FROM `article_article` WHERE `article_article`.`title` LIKE BINARY '%%' ; args=(u'%%',)
2014-03-16 20:18:22,279 [DEBUG] django.db.backends: (0.000) SELECT `article_article`.`id`, `article_article`.`title`, `article_article`.`body`, `article_article`.`pub_date`, `article_article`.`likes`, `article_article`.`thumbnail` FROM `article_article` WHERE `article_article`.`title` LIKE BINARY '%%' ; args=(u'%%',)
2014-03-16 20:18:22,649 [DEBUG] django.db.backends: (0.000) SELECT COUNT(*) FROM `article_article` WHERE `article_article`.`title` LIKE BINARY '%T%' ; args=(u'%T%',)
2014-03-16 20:18:22,651 [DEBUG] django.db.backends: (0.001) SELECT `article_article`.`id`, `article_article`.`title`, `article_article`.`body`, `article_article`.`pub_date`, `article_article`.`likes`, `article_article`.`thumbnail` FROM `article_article` WHERE `article_article`.`title` LIKE BINARY '%T%' ; args=(u'%T%',)
2014-03-16 20:18:22,706 [DEBUG] django.db.backends: (0.000) SELECT COUNT(*) FROM `article_article` WHERE `article_article`.`title` LIKE BINARY '%T%' ; args=(u'%T%',)
2014-03-16 20:18:22,707 [DEBUG] django.db.backends: (0.000) SELECT `article_article`.`id`, `article_article`.`title`, `article_article`.`body`, `article_article`.`pub_date`, `article_article`.`likes`, `article_article`.`thumbnail` FROM `article_article` WHERE `article_article`.`title` LIKE BINARY '%T%' ; args=(u'%T%',)
2014-03-16 20:18:22,806 [DEBUG] django.db.backends: (0.000) SELECT COUNT(*) FROM `article_article` WHERE `article_article`.`title` LIKE BINARY '%Te%' ; args=(u'%Te%',)
2014-03-16 20:18:22,809 [DEBUG] django.db.backends: (0.001) SELECT `article_article`.`id`, `article_article`.`title`, `article_article`.`body`, `article_article`.`pub_date`, `article_article`.`likes`, `article_article`.`thumbnail` FROM `article_article` WHERE `article_article`.`title` LIKE BINARY '%Te%' ; args=(u'%Te%',)
2014-03-16 20:18:23,043 [DEBUG] django.db.backends: (0.000) SELECT COUNT(*) FROM `article_article` WHERE `article_article`.`title` LIKE BINARY '%Test%' ; args=(u'%Test%',)
2014-03-16 20:18:23,046 [DEBUG] django.db.backends: (0.001) SELECT `article_article`.`id`, `article_article`.`title`, `article_article`.`body`, `article_article`.`pub_date`, `article_article`.`likes`, `article_article`.`thumbnail` FROM `article_article` WHERE `article_article`.`title` LIKE BINARY '%Test%' ; args=(u'%Test%',)
2014-03-16 20:18:23,090 [DEBUG] django.db.backends: (0.000) SELECT COUNT(*) FROM `article_article` WHERE `article_article`.`title` LIKE BINARY '%Test%' ; args=(u'%Test%',)
2014-03-16 20:18:23,092 [DEBUG] django.db.backends: (0.001) SELECT `article_article`.`id`, `article_article`.`title`, `article_article`.`body`, `article_article`.`pub_date`, `article_article`.`likes`, `article_article`.`thumbnail` FROM `article_article` WHERE `article_article`.`title` LIKE BINARY '%Test%' ; args=(u'%Test%',)
2014-03-16 20:18:30,661 [DEBUG] django.db.backends: (0.000) SELECT COUNT(*) FROM `article_article` WHERE `article_article`.`title` LIKE BINARY '%Tes%' ; args=(u'%Tes%',)
2014-03-16 20:18:30,663 [DEBUG] django.db.backends: (0.001) SELECT `article_article`.`id`, `article_article`.`title`, `article_article`.`body`, `article_article`.`pub_date`, `article_article`.`likes`, `article_article`.`thumbnail` FROM `article_article` WHERE `article_article`.`title` LIKE BINARY '%Tes%' ; args=(u'%Tes%',)
2014-03-16 20:18:30,820 [DEBUG] django.db.backends: (0.000) SELECT COUNT(*) FROM `article_article` WHERE `article_article`.`title` LIKE BINARY '%Te%' ; args=(u'%Te%',)
2014-03-16 20:18:30,822 [DEBUG] django.db.backends: (0.001) SELECT `article_article`.`id`, `article_article`.`title`, `article_article`.`body`, `article_article`.`pub_date`, `article_article`.`likes`, `article_article`.`thumbnail` FROM `article_article` WHERE `article_article`.`title` LIKE BINARY '%Te%' ; args=(u'%Te%',)
2014-03-16 20:18:30,968 [DEBUG] django.db.backends: (0.000) SELECT COUNT(*) FROM `article_article` WHERE `article_article`.`title` LIKE BINARY '%T%' ; args=(u'%T%',)
2014-03-16 20:18:30,969 [DEBUG] django.db.backends: (0.000) SELECT `article_article`.`id`, `article_article`.`title`, `article_article`.`body`, `article_article`.`pub_date`, `article_article`.`likes`, `article_article`.`thumbnail` FROM `article_article` WHERE `article_article`.`title` LIKE BINARY '%T%' ; args=(u'%T%',)
2014-03-16 20:18:31,120 [DEBUG] django.db.backends: (0.000) SELECT COUNT(*) FROM `article_article` WHERE `article_article`.`title` LIKE BINARY '%%' ; args=(u'%%',)
2014-03-16 20:18:31,122 [DEBUG] django.db.backends: (0.001) SELECT `article_article`.`id`, `article_article`.`title`, `article_article`.`body`, `article_article`.`pub_date`, `article_article`.`likes`, `article_article`.`thumbnail` FROM `article_article` WHERE `article_article`.`title` LIKE BINARY '%%' ; args=(u'%%',)
2014-03-16 20:18:31,422 [DEBUG] django.db.backends: (0.000) SELECT COUNT(*) FROM `article_article` WHERE `article_article`.`title` LIKE BINARY '%%' ; args=(u'%%',)
2014-03-16 20:18:31,423 [DEBUG] django.db.backends: (0.000) SELECT `article_article`.`id`, `article_article`.`title`, `article_article`.`body`, `article_article`.`pub_date`, `article_article`.`likes`, `article_article`.`thumbnail` FROM `article_article` WHERE `article_article`.`title` LIKE BINARY '%%' ; args=(u'%%',)
2014-03-16 20:18:31,504 [DEBUG] django.db.backends: (0.000) SELECT COUNT(*) FROM `article_article` WHERE `article_article`.`title` LIKE BINARY '%f%' ; args=(u'%f%',)
2014-03-16 20:18:31,607 [DEBUG] django.db.backends: (0.000) SELECT COUNT(*) FROM `article_article` WHERE `article_article`.`title` LIKE BINARY '%fo%' ; args=(u'%fo%',)
2014-03-16 20:18:31,724 [DEBUG] django.db.backends: (0.000) SELECT COUNT(*) FROM `article_article` WHERE `article_article`.`title` LIKE BINARY '%foo%' ; args=(u'%foo%',)
2014-03-16 20:20:40,907 [DEBUG] django.db.backends: (0.000) SELECT COUNT(*) FROM `article_article` WHERE `article_article`.`title` LIKE BINARY '%fo%' ; args=(u'%fo%',)
2014-03-16 20:20:41,057 [DEBUG] django.db.backends: (0.000) SELECT COUNT(*) FROM `article_article` WHERE `article_article`.`title` LIKE BINARY '%f%' ; args=(u'%f%',)
2014-03-16 20:20:41,225 [DEBUG] django.db.backends: (0.000) SELECT COUNT(*) FROM `article_article` WHERE `article_article`.`title` LIKE BINARY '%%' ; args=(u'%%',)
2014-03-16 20:20:41,226 [DEBUG] django.db.backends: (0.000) SELECT `article_article`.`id`, `article_article`.`title`, `article_article`.`body`, `article_article`.`pub_date`, `article_article`.`likes`, `article_article`.`thumbnail` FROM `article_article` WHERE `article_article`.`title` LIKE BINARY '%%' ; args=(u'%%',)
2014-03-16 20:20:43,450 [DEBUG] django.db.backends: (0.000) SELECT COUNT(*) FROM `article_article` WHERE `article_article`.`title` LIKE BINARY '%f%' ; args=(u'%f%',)
2014-03-16 20:20:43,674 [DEBUG] django.db.backends: (0.000) SELECT COUNT(*) FROM `article_article` WHERE `article_article`.`title` LIKE BINARY '%fo%' ; args=(u'%fo%',)
2014-03-16 20:20:43,832 [DEBUG] django.db.backends: (0.000) SELECT COUNT(*) FROM `article_article` WHERE `article_article`.`title` LIKE BINARY '%foo%' ; args=(u'%foo%',)
2014-03-16 20:21:01,385 [DEBUG] django.db.backends: (0.000) SELECT COUNT(*) FROM `article_article` WHERE `article_article`.`title` LIKE BINARY '%fo%' ; args=(u'%fo%',)
2014-03-16 20:21:01,556 [DEBUG] django.db.backends: (0.000) SELECT COUNT(*) FROM `article_article` WHERE `article_article`.`title` LIKE BINARY '%f%' ; args=(u'%f%',)
2014-03-16 20:21:01,714 [DEBUG] django.db.backends: (0.000) SELECT COUNT(*) FROM `article_article` WHERE `article_article`.`title` LIKE BINARY '%%' ; args=(u'%%',)
2014-03-16 20:21:01,717 [DEBUG] django.db.backends: (0.001) SELECT `article_article`.`id`, `article_article`.`title`, `article_article`.`body`, `article_article`.`pub_date`, `article_article`.`likes`, `article_article`.`thumbnail` FROM `article_article` WHERE `article_article`.`title` LIKE BINARY '%%' ; args=(u'%%',)
2014-03-16 20:21:02,030 [DEBUG] django.db.backends: (0.000) SELECT COUNT(*) FROM `article_article` WHERE `article_article`.`title` LIKE BINARY '%s%' ; args=(u'%s%',)
2014-03-16 20:21:02,032 [DEBUG] django.db.backends: (0.001) SELECT `article_article`.`id`, `article_article`.`title`, `article_article`.`body`, `article_article`.`pub_date`, `article_article`.`likes`, `article_article`.`thumbnail` FROM `article_article` WHERE `article_article`.`title` LIKE BINARY '%s%' ; args=(u'%s%',)
2014-03-16 20:21:02,041 [DEBUG] django.db.backends: (0.000) SELECT COUNT(*) FROM `article_article` WHERE `article_article`.`title` LIKE BINARY '%sn%' ; args=(u'%sn%',)
2014-03-16 20:21:02,062 [DEBUG] django.db.backends: (0.000) SELECT COUNT(*) FROM `article_article` WHERE `article_article`.`title` LIKE BINARY '%sn%' ; args=(u'%sn%',)
2014-03-16 20:21:02,282 [DEBUG] django.db.backends: (0.031) SELECT COUNT(*) FROM `article_article` WHERE `article_article`.`title` LIKE BINARY '%sno%' ; args=(u'%sno%',)
2014-03-16 20:21:02,336 [DEBUG] django.db.backends: (0.001) SELECT COUNT(*) FROM `article_article` WHERE `article_article`.`title` LIKE BINARY '%snow%' ; args=(u'%snow%',)
2014-03-16 20:21:37,166 [DEBUG] django.db.backends: (0.000) SELECT COUNT(*) FROM `article_article` WHERE `article_article`.`title` LIKE BINARY '%sno%' ; args=(u'%sno%',)
2014-03-16 20:21:37,315 [DEBUG] django.db.backends: (0.000) SELECT COUNT(*) FROM `article_article` WHERE `article_article`.`title` LIKE BINARY '%sn%' ; args=(u'%sn%',)
2014-03-16 20:21:37,491 [DEBUG] django.db.backends: (0.000) SELECT COUNT(*) FROM `article_article` WHERE `article_article`.`title` LIKE BINARY '%s%' ; args=(u'%s%',)
2014-03-16 20:21:37,494 [DEBUG] django.db.backends: (0.001) SELECT `article_article`.`id`, `article_article`.`title`, `article_article`.`body`, `article_article`.`pub_date`, `article_article`.`likes`, `article_article`.`thumbnail` FROM `article_article` WHERE `article_article`.`title` LIKE BINARY '%s%' ; args=(u'%s%',)
2014-03-16 20:21:37,682 [DEBUG] django.db.backends: (0.000) SELECT COUNT(*) FROM `article_article` WHERE `article_article`.`title` LIKE BINARY '%%' ; args=(u'%%',)
2014-03-16 20:21:37,684 [DEBUG] django.db.backends: (0.001) SELECT `article_article`.`id`, `article_article`.`title`, `article_article`.`body`, `article_article`.`pub_date`, `article_article`.`likes`, `article_article`.`thumbnail` FROM `article_article` WHERE `article_article`.`title` LIKE BINARY '%%' ; args=(u'%%',)
2014-03-16 20:21:38,003 [DEBUG] django.db.backends: (0.000) SELECT COUNT(*) FROM `article_article` WHERE `article_article`.`title` LIKE BINARY '%t%' ; args=(u'%t%',)
2014-03-16 20:21:38,005 [DEBUG] django.db.backends: (0.001) SELECT `article_article`.`id`, `article_article`.`title`, `article_article`.`body`, `article_article`.`pub_date`, `article_article`.`likes`, `article_article`.`thumbnail` FROM `article_article` WHERE `article_article`.`title` LIKE BINARY '%t%' ; args=(u'%t%',)
2014-03-16 20:21:38,129 [DEBUG] django.db.backends: (0.000) SELECT COUNT(*) FROM `article_article` WHERE `article_article`.`title` LIKE BINARY '%te%' ; args=(u'%te%',)
2014-03-16 20:21:38,885 [DEBUG] django.db.backends: (0.000) SELECT COUNT(*) FROM `article_article` WHERE `article_article`.`title` LIKE BINARY '%tes%' ; args=(u'%tes%',)
2014-03-16 20:24:41,295 [DEBUG] django.db.backends: (0.016) SELECT `django_session`.`session_key`, `django_session`.`session_data`, `django_session`.`expire_date` FROM `django_session` WHERE (`django_session`.`session_key` = 'tqpwxxb4afeo4t9butx9vkfpdpiqu3hf'  AND `django_session`.`expire_date` > '2014-03-16 20:24:41' ); args=('tqpwxxb4afeo4t9butx9vkfpdpiqu3hf', u'2014-03-16 20:24:41')
2014-03-16 20:24:41,296 [DEBUG] django.db.backends: (0.000) SELECT `auth_user`.`id`, `auth_user`.`password`, `auth_user`.`last_login`, `auth_user`.`is_superuser`, `auth_user`.`username`, `auth_user`.`first_name`, `auth_user`.`last_name`, `auth_user`.`email`, `auth_user`.`is_staff`, `auth_user`.`is_active`, `auth_user`.`date_joined` FROM `auth_user` WHERE `auth_user`.`id` = 2 ; args=(2,)
2014-03-16 20:24:41,304 [DEBUG] django.db.backends: (0.000) SELECT COUNT(*) FROM `article_article`; args=()
2014-03-16 20:24:41,304 [DEBUG] django.db.backends: (0.000) SELECT `article_article`.`id`, `article_article`.`title`, `article_article`.`body`, `article_article`.`pub_date`, `article_article`.`likes`, `article_article`.`thumbnail` FROM `article_article`; args=()
2014-03-16 20:26:10,079 [DEBUG] django.db.backends: (0.000) SELECT `django_session`.`session_key`, `django_session`.`session_data`, `django_session`.`expire_date` FROM `django_session` WHERE (`django_session`.`session_key` = 'tqpwxxb4afeo4t9butx9vkfpdpiqu3hf'  AND `django_session`.`expire_date` > '2014-03-16 20:26:10' ); args=('tqpwxxb4afeo4t9butx9vkfpdpiqu3hf', u'2014-03-16 20:26:10')
2014-03-16 20:26:10,081 [DEBUG] django.db.backends: (0.000) SELECT `auth_user`.`id`, `auth_user`.`password`, `auth_user`.`last_login`, `auth_user`.`is_superuser`, `auth_user`.`username`, `auth_user`.`first_name`, `auth_user`.`last_name`, `auth_user`.`email`, `auth_user`.`is_staff`, `auth_user`.`is_active`, `auth_user`.`date_joined` FROM `auth_user` WHERE `auth_user`.`id` = 2 ; args=(2,)
2014-03-16 20:26:10,088 [DEBUG] django.db.backends: (0.000) SELECT COUNT(*) FROM `article_article`; args=()
2014-03-16 20:26:10,088 [DEBUG] django.db.backends: (0.000) SELECT `article_article`.`id`, `article_article`.`title`, `article_article`.`body`, `article_article`.`pub_date`, `article_article`.`likes`, `article_article`.`thumbnail` FROM `article_article`; args=()
2014-03-16 20:26:12,698 [DEBUG] article.views: b
2014-03-16 20:26:12,723 [DEBUG] article.views: bo
2014-03-16 20:26:13,068 [DEBUG] article.views: boo
2014-03-16 20:26:13,069 [DEBUG] article.views: bo
2014-03-16 20:26:37,687 [DEBUG] article.views: bo
2014-03-16 20:26:37,845 [DEBUG] article.views: b
2014-03-16 20:26:38,004 [DEBUG] article.views: 
2014-03-16 20:26:38,362 [DEBUG] article.views: T
2014-03-16 20:26:38,459 [DEBUG] article.views: Te
2014-03-16 20:26:38,532 [DEBUG] article.views: Te
2014-03-16 20:26:38,790 [DEBUG] article.views: Test
2014-03-16 20:26:38,842 [DEBUG] article.views: Test
2014-03-16 20:28:56,442 [DEBUG] article.views: Tes
2014-03-16 20:28:56,452 [DEBUG] django.db.backends: (0.000) SELECT COUNT(*) FROM `article_article` WHERE `article_article`.`title` LIKE BINARY '%Tes%' ; args=(u'%Tes%',)
2014-03-16 20:28:56,453 [DEBUG] django.db.backends: (0.000) SELECT `article_article`.`id`, `article_article`.`title`, `article_article`.`body`, `article_article`.`pub_date`, `article_article`.`likes`, `article_article`.`thumbnail` FROM `article_article` WHERE `article_article`.`title` LIKE BINARY '%Tes%' ; args=(u'%Tes%',)
2014-03-16 20:28:56,469 [DEBUG] article.views: T
2014-03-16 20:28:56,472 [DEBUG] django.db.backends: (0.000) SELECT COUNT(*) FROM `article_article` WHERE `article_article`.`title` LIKE BINARY '%T%' ; args=(u'%T%',)
2014-03-16 20:28:56,473 [DEBUG] django.db.backends: (0.000) SELECT `article_article`.`id`, `article_article`.`title`, `article_article`.`body`, `article_article`.`pub_date`, `article_article`.`likes`, `article_article`.`thumbnail` FROM `article_article` WHERE `article_article`.`title` LIKE BINARY '%T%' ; args=(u'%T%',)
2014-03-16 20:28:56,625 [DEBUG] article.views: 
2014-03-16 20:28:56,628 [DEBUG] django.db.backends: (0.000) SELECT COUNT(*) FROM `article_article` WHERE `article_article`.`title` LIKE BINARY '%%' ; args=(u'%%',)
2014-03-16 20:28:56,629 [DEBUG] django.db.backends: (0.000) SELECT `article_article`.`id`, `article_article`.`title`, `article_article`.`body`, `article_article`.`pub_date`, `article_article`.`likes`, `article_article`.`thumbnail` FROM `article_article` WHERE `article_article`.`title` LIKE BINARY '%%' ; args=(u'%%',)
2014-03-16 20:28:56,636 [DEBUG] article.views: Te
2014-03-16 20:28:56,646 [DEBUG] django.db.backends: (0.000) SELECT COUNT(*) FROM `article_article` WHERE `article_article`.`title` LIKE BINARY '%Te%' ; args=(u'%Te%',)
2014-03-16 20:28:56,647 [DEBUG] django.db.backends: (0.000) SELECT `article_article`.`id`, `article_article`.`title`, `article_article`.`body`, `article_article`.`pub_date`, `article_article`.`likes`, `article_article`.`thumbnail` FROM `article_article` WHERE `article_article`.`title` LIKE BINARY '%Te%' ; args=(u'%Te%',)
2014-03-16 20:28:56,977 [DEBUG] article.views: 
2014-03-16 20:28:56,982 [DEBUG] django.db.backends: (0.000) SELECT COUNT(*) FROM `article_article` WHERE `article_article`.`title` LIKE BINARY '%%' ; args=(u'%%',)
2014-03-16 20:28:56,983 [DEBUG] django.db.backends: (0.000) SELECT `article_article`.`id`, `article_article`.`title`, `article_article`.`body`, `article_article`.`pub_date`, `article_article`.`likes`, `article_article`.`thumbnail` FROM `article_article` WHERE `article_article`.`title` LIKE BINARY '%%' ; args=(u'%%',)
2014-03-16 20:28:57,087 [DEBUG] article.views: t
2014-03-16 20:28:57,090 [DEBUG] django.db.backends: (0.000) SELECT COUNT(*) FROM `article_article` WHERE `article_article`.`title` LIKE BINARY '%t%' ; args=(u'%t%',)
2014-03-16 20:28:57,090 [DEBUG] article.views: t
2014-03-16 20:28:57,091 [DEBUG] django.db.backends: (0.000) SELECT `article_article`.`id`, `article_article`.`title`, `article_article`.`body`, `article_article`.`pub_date`, `article_article`.`likes`, `article_article`.`thumbnail` FROM `article_article` WHERE `article_article`.`title` LIKE BINARY '%t%' ; args=(u'%t%',)
2014-03-16 20:28:57,093 [DEBUG] django.db.backends: (0.000) SELECT COUNT(*) FROM `article_article` WHERE `article_article`.`title` LIKE BINARY '%t%' ; args=(u'%t%',)
2014-03-16 20:28:57,095 [DEBUG] django.db.backends: (0.000) SELECT `article_article`.`id`, `article_article`.`title`, `article_article`.`body`, `article_article`.`pub_date`, `article_article`.`likes`, `article_article`.`thumbnail` FROM `article_article` WHERE `article_article`.`title` LIKE BINARY '%t%' ; args=(u'%t%',)
2014-03-16 20:28:57,147 [DEBUG] article.views: te
2014-03-16 20:28:57,155 [DEBUG] django.db.backends: (0.000) SELECT COUNT(*) FROM `article_article` WHERE `article_article`.`title` LIKE BINARY '%te%' ; args=(u'%te%',)
2014-03-16 20:28:57,336 [DEBUG] article.views: tes
2014-03-16 20:28:57,343 [DEBUG] django.db.backends: (0.000) SELECT COUNT(*) FROM `article_article` WHERE `article_article`.`title` LIKE BINARY '%tes%' ; args=(u'%tes%',)
2014-03-16 20:28:58,987 [DEBUG] django.db.backends: (0.000) SELECT `django_session`.`session_key`, `django_session`.`session_data`, `django_session`.`expire_date` FROM `django_session` WHERE (`django_session`.`session_key` = 'tqpwxxb4afeo4t9butx9vkfpdpiqu3hf'  AND `django_session`.`expire_date` > '2014-03-16 20:28:58' ); args=('tqpwxxb4afeo4t9butx9vkfpdpiqu3hf', u'2014-03-16 20:28:58')
2014-03-16 20:28:58,989 [DEBUG] django.db.backends: (0.000) SELECT `auth_user`.`id`, `auth_user`.`password`, `auth_user`.`last_login`, `auth_user`.`is_superuser`, `auth_user`.`username`, `auth_user`.`first_name`, `auth_user`.`last_name`, `auth_user`.`email`, `auth_user`.`is_staff`, `auth_user`.`is_active`, `auth_user`.`date_joined` FROM `auth_user` WHERE `auth_user`.`id` = 2 ; args=(2,)
2014-03-16 20:28:58,996 [DEBUG] django.db.backends: (0.000) SELECT COUNT(*) FROM `article_article`; args=()
2014-03-16 20:28:58,996 [DEBUG] django.db.backends: (0.000) SELECT `article_article`.`id`, `article_article`.`title`, `article_article`.`body`, `article_article`.`pub_date`, `article_article`.`likes`, `article_article`.`thumbnail` FROM `article_article`; args=()
2014-03-16 20:29:00,585 [DEBUG] article.views: T
2014-03-16 20:29:00,588 [DEBUG] django.db.backends: (0.000) SELECT COUNT(*) FROM `article_article` WHERE `article_article`.`title` LIKE BINARY '%T%' ; args=(u'%T%',)
2014-03-16 20:29:00,589 [DEBUG] django.db.backends: (0.000) SELECT `article_article`.`id`, `article_article`.`title`, `article_article`.`body`, `article_article`.`pub_date`, `article_article`.`likes`, `article_article`.`thumbnail` FROM `article_article` WHERE `article_article`.`title` LIKE BINARY '%T%' ; args=(u'%T%',)
2014-03-16 20:29:00,638 [DEBUG] article.views: T
2014-03-16 20:29:00,641 [DEBUG] article.views: T
2014-03-16 20:29:00,642 [DEBUG] django.db.backends: (0.000) SELECT COUNT(*) FROM `article_article` WHERE `article_article`.`title` LIKE BINARY '%T%' ; args=(u'%T%',)
2014-03-16 20:29:00,644 [DEBUG] django.db.backends: (0.002) SELECT `article_article`.`id`, `article_article`.`title`, `article_article`.`body`, `article_article`.`pub_date`, `article_article`.`likes`, `article_article`.`thumbnail` FROM `article_article` WHERE `article_article`.`title` LIKE BINARY '%T%' ; args=(u'%T%',)
2014-03-16 20:29:00,648 [DEBUG] django.db.backends: (0.000) SELECT COUNT(*) FROM `article_article` WHERE `article_article`.`title` LIKE BINARY '%T%' ; args=(u'%T%',)
2014-03-16 20:29:00,649 [DEBUG] django.db.backends: (0.000) SELECT `article_article`.`id`, `article_article`.`title`, `article_article`.`body`, `article_article`.`pub_date`, `article_article`.`likes`, `article_article`.`thumbnail` FROM `article_article` WHERE `article_article`.`title` LIKE BINARY '%T%' ; args=(u'%T%',)
2014-03-16 20:29:00,717 [DEBUG] article.views: Te
2014-03-16 20:29:00,725 [DEBUG] django.db.backends: (0.000) SELECT COUNT(*) FROM `article_article` WHERE `article_article`.`title` LIKE BINARY '%Te%' ; args=(u'%Te%',)
2014-03-16 20:29:00,727 [DEBUG] django.db.backends: (0.001) SELECT `article_article`.`id`, `article_article`.`title`, `article_article`.`body`, `article_article`.`pub_date`, `article_article`.`likes`, `article_article`.`thumbnail` FROM `article_article` WHERE `article_article`.`title` LIKE BINARY '%Te%' ; args=(u'%Te%',)
2014-03-16 20:29:00,939 [DEBUG] article.views: Tes
2014-03-16 20:29:00,946 [DEBUG] django.db.backends: (0.000) SELECT COUNT(*) FROM `article_article` WHERE `article_article`.`title` LIKE BINARY '%Tes%' ; args=(u'%Tes%',)
2014-03-16 20:29:00,948 [DEBUG] django.db.backends: (0.001) SELECT `article_article`.`id`, `article_article`.`title`, `article_article`.`body`, `article_article`.`pub_date`, `article_article`.`likes`, `article_article`.`thumbnail` FROM `article_article` WHERE `article_article`.`title` LIKE BINARY '%Tes%' ; args=(u'%Tes%',)
2014-03-16 20:29:01,160 [DEBUG] article.views: Test
2014-03-16 20:29:01,168 [DEBUG] django.db.backends: (0.000) SELECT COUNT(*) FROM `article_article` WHERE `article_article`.`title` LIKE BINARY '%Test%' ; args=(u'%Test%',)
2014-03-16 20:29:01,170 [DEBUG] django.db.backends: (0.001) SELECT `article_article`.`id`, `article_article`.`title`, `article_article`.`body`, `article_article`.`pub_date`, `article_article`.`likes`, `article_article`.`thumbnail` FROM `article_article` WHERE `article_article`.`title` LIKE BINARY '%Test%' ; args=(u'%Test%',)
2014-03-16 20:29:01,521 [DEBUG] article.views: Tes
2014-03-16 20:29:01,528 [DEBUG] django.db.backends: (0.000) SELECT COUNT(*) FROM `article_article` WHERE `article_article`.`title` LIKE BINARY '%Tes%' ; args=(u'%Tes%',)
2014-03-16 20:29:01,530 [DEBUG] django.db.backends: (0.001) SELECT `article_article`.`id`, `article_article`.`title`, `article_article`.`body`, `article_article`.`pub_date`, `article_article`.`likes`, `article_article`.`thumbnail` FROM `article_article` WHERE `article_article`.`title` LIKE BINARY '%Tes%' ; args=(u'%Tes%',)
2014-03-16 20:29:01,671 [DEBUG] article.views: Te
2014-03-16 20:29:01,679 [DEBUG] django.db.backends: (0.000) SELECT COUNT(*) FROM `article_article` WHERE `article_article`.`title` LIKE BINARY '%Te%' ; args=(u'%Te%',)
2014-03-16 20:29:01,681 [DEBUG] django.db.backends: (0.001) SELECT `article_article`.`id`, `article_article`.`title`, `article_article`.`body`, `article_article`.`pub_date`, `article_article`.`likes`, `article_article`.`thumbnail` FROM `article_article` WHERE `article_article`.`title` LIKE BINARY '%Te%' ; args=(u'%Te%',)
2014-03-16 20:29:01,803 [DEBUG] article.views: T
2014-03-16 20:29:01,806 [DEBUG] django.db.backends: (0.000) SELECT COUNT(*) FROM `article_article` WHERE `article_article`.`title` LIKE BINARY '%T%' ; args=(u'%T%',)
2014-03-16 20:29:01,807 [DEBUG] django.db.backends: (0.000) SELECT `article_article`.`id`, `article_article`.`title`, `article_article`.`body`, `article_article`.`pub_date`, `article_article`.`likes`, `article_article`.`thumbnail` FROM `article_article` WHERE `article_article`.`title` LIKE BINARY '%T%' ; args=(u'%T%',)
2014-03-16 20:29:01,955 [DEBUG] article.views: 
2014-03-16 20:29:01,964 [DEBUG] django.db.backends: (0.000) SELECT COUNT(*) FROM `article_article` WHERE `article_article`.`title` LIKE BINARY '%%' ; args=(u'%%',)
2014-03-16 20:29:01,966 [DEBUG] django.db.backends: (0.001) SELECT `article_article`.`id`, `article_article`.`title`, `article_article`.`body`, `article_article`.`pub_date`, `article_article`.`likes`, `article_article`.`thumbnail` FROM `article_article` WHERE `article_article`.`title` LIKE BINARY '%%' ; args=(u'%%',)
